<?xml version="1.0" encoding="UTF-8"?>
<testsuite name="com.kodilla.stream.array.ArrayOperationsTestSuite" tests="1" skipped="0" failures="0" errors="0" timestamp="2019-01-15T11:44:20" hostname="Komputer" time="0.009">
  <properties/>
  <testcase name="testGetAverage" classname="com.kodilla.stream.array.ArrayOperationsTestSuite" time="0.009"/>
  <system-out><![CDATA[Test: begin
Displaying numbers map:
8
6
9
9
8
9
7
5
6
3
Average equals: 7.0
Test: end
]]></system-out>
  <system-err><![CDATA[]]></system-err>
</testsuite>
