<?xml version="1.0" encoding="UTF-8"?>
<testsuite name="com.kodilla.stream.world.WorldTestSuite" tests="1" skipped="0" failures="0" errors="0" timestamp="2019-01-16T14:11:22" hostname="Komputer" time="0.002">
  <properties/>
  <testcase name="testGetPeopleQuantity" classname="com.kodilla.stream.world.WorldTestSuite" time="0.002"/>
  <system-out><![CDATA[Test: begin
Test: end
]]></system-out>
  <system-err><![CDATA[]]></system-err>
</testsuite>
