<?xml version="1.0" encoding="UTF-8"?>
<testsuite name="com.kodilla.spring.reader.ReaderTestSuite" tests="2" skipped="0" failures="0" errors="0" timestamp="2019-01-22T10:06:14" hostname="Komputer" time="0.11">
  <properties/>
  <testcase name="testRead" classname="com.kodilla.spring.reader.ReaderTestSuite" time="0.051"/>
  <testcase name="testConditional" classname="com.kodilla.spring.reader.ReaderTestSuite" time="0.059"/>
  <system-out><![CDATA[2019-01-22 11:06:14.546  INFO 16352 --- [    Test worker] s.c.a.AnnotationConfigApplicationContext : Refreshing org.springframework.context.annotation.AnnotationConfigApplicationContext@425f82e5: startup date [Tue Jan 22 11:06:14 CET 2019]; root of context hierarchy
Reading: The book number one
2019-01-22 11:06:14.605  INFO 16352 --- [    Test worker] s.c.a.AnnotationConfigApplicationContext : Refreshing org.springframework.context.annotation.AnnotationConfigApplicationContext@12bebe7a: startup date [Tue Jan 22 11:06:14 CET 2019]; root of context hierarchy
Bean book2 was found in the container: false
]]></system-out>
  <system-err><![CDATA[]]></system-err>
</testsuite>
