<?xml version="1.0" encoding="UTF-8"?>
<testsuite name="com.kodilla.testing.forum.statistics.ForumStatisticsTestSuite" tests="7" skipped="0" failures="0" errors="0" timestamp="2018-11-11T12:28:17" hostname="MacBook-Pro-Karol-2.local" time="0.033">
  <properties/>
  <testcase name="testCalculateAdvStatisticsCaseHundredUsers" classname="com.kodilla.testing.forum.statistics.ForumStatisticsTestSuite" time="0.027"/>
  <testcase name="testCalculateAdvStatisticsCaseMoreCommentsThanPosts" classname="com.kodilla.testing.forum.statistics.ForumStatisticsTestSuite" time="0.001"/>
  <testcase name="testCalculateAdvStatisticsCaseZeroPosts" classname="com.kodilla.testing.forum.statistics.ForumStatisticsTestSuite" time="0.001"/>
  <testcase name="testCalculateAdvStatisticsCaseZeroUsers" classname="com.kodilla.testing.forum.statistics.ForumStatisticsTestSuite" time="0.001"/>
  <testcase name="testCalculateAdvStatisticsCaseThousandPosts" classname="com.kodilla.testing.forum.statistics.ForumStatisticsTestSuite" time="0.001"/>
  <testcase name="testCalculateAdvStatisticsCaseZeroComments" classname="com.kodilla.testing.forum.statistics.ForumStatisticsTestSuite" time="0.001"/>
  <testcase name="testCalculateAdvStatisticsCaseLessCommentsThanPosts" classname="com.kodilla.testing.forum.statistics.ForumStatisticsTestSuite" time="0.001"/>
  <system-out><![CDATA[Launching tests.
Test #1
Test #2
Test #3
Test #4
Test #5
Test #6
Test #7
All tests finished.
]]></system-out>
  <system-err><![CDATA[]]></system-err>
</testsuite>
