<?xml version="1.0" encoding="UTF-8"?>
<testsuite name="com.kodilla.patterns.builder.bigmac.BigmacTestSuite" tests="1" skipped="0" failures="0" errors="0" timestamp="2019-03-21T10:04:41" hostname="MacBook-Pro-Karol-2.local" time="0.001">
  <properties/>
  <testcase name="testBigmacNew" classname="com.kodilla.patterns.builder.bigmac.BigmacTestSuite" time="0.001"/>
  <system-out><![CDATA[Bigmac{bun='Sesame bun', burgers=2, sauce='Barbecue', ingredients=[Cheese, Onion, Lettuce, Bacon, Mushrooms]}
]]></system-out>
  <system-err><![CDATA[]]></system-err>
</testsuite>
